mode: set
github.com/kasiss-liu/go-tools/cron/builder.go:19.25,21.2 1 1
github.com/kasiss-liu/go-tools/cron/builder.go:22.64,24.16 2 1
github.com/kasiss-liu/go-tools/cron/builder.go:27.2,28.16 2 1
github.com/kasiss-liu/go-tools/cron/builder.go:31.2,31.8 1 1
github.com/kasiss-liu/go-tools/cron/builder.go:24.16,26.3 1 1
github.com/kasiss-liu/go-tools/cron/builder.go:28.16,30.3 1 0
github.com/kasiss-liu/go-tools/cron/builder.go:34.48,38.2 3 1
github.com/kasiss-liu/go-tools/cron/builder.go:39.45,42.2 2 1
github.com/kasiss-liu/go-tools/cron/builder.go:44.48,47.2 2 1
github.com/kasiss-liu/go-tools/cron/builder.go:49.46,52.2 2 1
github.com/kasiss-liu/go-tools/cron/builder.go:53.52,56.2 2 1
github.com/kasiss-liu/go-tools/cron/builder.go:57.47,60.2 2 1
github.com/kasiss-liu/go-tools/cron/builder.go:61.53,64.2 2 1
github.com/kasiss-liu/go-tools/cron/builder.go:65.46,68.2 2 1
github.com/kasiss-liu/go-tools/cron/builder.go:69.38,73.2 3 1
github.com/kasiss-liu/go-tools/cron/builder.go:75.46,77.13 2 1
github.com/kasiss-liu/go-tools/cron/builder.go:80.2,86.10 7 1
github.com/kasiss-liu/go-tools/cron/builder.go:77.13,79.3 1 1
github.com/kasiss-liu/go-tools/cron/builder.go:89.30,90.13 1 1
github.com/kasiss-liu/go-tools/cron/builder.go:95.2,95.20 1 1
github.com/kasiss-liu/go-tools/cron/builder.go:98.2,98.18 1 1
github.com/kasiss-liu/go-tools/cron/builder.go:101.2,101.24 1 1
github.com/kasiss-liu/go-tools/cron/builder.go:104.2,104.19 1 1
github.com/kasiss-liu/go-tools/cron/builder.go:107.2,107.23 1 1
github.com/kasiss-liu/go-tools/cron/builder.go:110.2,110.18 1 1
github.com/kasiss-liu/go-tools/cron/builder.go:90.13,91.21 1 1
github.com/kasiss-liu/go-tools/cron/builder.go:91.21,93.4 1 0
github.com/kasiss-liu/go-tools/cron/builder.go:95.20,97.3 1 0
github.com/kasiss-liu/go-tools/cron/builder.go:98.18,100.3 1 0
github.com/kasiss-liu/go-tools/cron/builder.go:101.24,103.3 1 0
github.com/kasiss-liu/go-tools/cron/builder.go:104.19,106.3 1 0
github.com/kasiss-liu/go-tools/cron/builder.go:107.23,109.3 1 0
github.com/kasiss-liu/go-tools/cron/builder.go:110.18,112.3 1 1
github.com/kasiss-liu/go-tools/cron/builder.go:115.33,118.13 2 1
github.com/kasiss-liu/go-tools/cron/builder.go:125.2,126.16 2 1
github.com/kasiss-liu/go-tools/cron/builder.go:130.2,131.16 2 1
github.com/kasiss-liu/go-tools/cron/builder.go:134.2,135.16 2 1
github.com/kasiss-liu/go-tools/cron/builder.go:138.2,139.16 2 1
github.com/kasiss-liu/go-tools/cron/builder.go:142.2,143.16 2 1
github.com/kasiss-liu/go-tools/cron/builder.go:146.2,147.16 2 1
github.com/kasiss-liu/go-tools/cron/builder.go:150.2,151.16 2 1
github.com/kasiss-liu/go-tools/cron/builder.go:155.2,155.12 1 1
github.com/kasiss-liu/go-tools/cron/builder.go:118.13,120.17 2 1
github.com/kasiss-liu/go-tools/cron/builder.go:120.17,122.4 1 0
github.com/kasiss-liu/go-tools/cron/builder.go:126.16,128.3 1 0
github.com/kasiss-liu/go-tools/cron/builder.go:131.16,133.3 1 0
github.com/kasiss-liu/go-tools/cron/builder.go:135.16,137.3 1 1
github.com/kasiss-liu/go-tools/cron/builder.go:139.16,141.3 1 1
github.com/kasiss-liu/go-tools/cron/builder.go:143.16,145.3 1 0
github.com/kasiss-liu/go-tools/cron/builder.go:147.16,149.3 1 1
github.com/kasiss-liu/go-tools/cron/builder.go:151.16,153.3 1 0
github.com/kasiss-liu/go-tools/cron/builder.go:157.39,160.2 2 1
github.com/kasiss-liu/go-tools/cron/builder.go:161.39,164.2 2 1
github.com/kasiss-liu/go-tools/cron/builder.go:165.37,168.2 2 1
github.com/kasiss-liu/go-tools/cron/builder.go:169.36,172.2 2 1
github.com/kasiss-liu/go-tools/cron/builder.go:173.38,176.2 2 1
github.com/kasiss-liu/go-tools/cron/builder.go:177.36,180.2 2 1
github.com/kasiss-liu/go-tools/cron/builder.go:181.37,182.18 1 1
github.com/kasiss-liu/go-tools/cron/builder.go:185.2,186.36 2 1
github.com/kasiss-liu/go-tools/cron/builder.go:182.18,184.3 1 1
github.com/kasiss-liu/go-tools/cron/builder.go:188.43,189.47 1 1
github.com/kasiss-liu/go-tools/cron/builder.go:192.2,192.12 1 1
github.com/kasiss-liu/go-tools/cron/builder.go:189.47,191.3 1 0
github.com/kasiss-liu/go-tools/cron/parse.go:44.46,51.17 5 1
github.com/kasiss-liu/go-tools/cron/parse.go:76.2,76.37 1 1
github.com/kasiss-liu/go-tools/cron/parse.go:79.2,79.18 1 1
github.com/kasiss-liu/go-tools/cron/parse.go:52.9,57.27 5 1
github.com/kasiss-liu/go-tools/cron/parse.go:58.9,64.22 6 0
github.com/kasiss-liu/go-tools/cron/parse.go:65.9,72.22 7 1
github.com/kasiss-liu/go-tools/cron/parse.go:73.10,74.88 1 0
github.com/kasiss-liu/go-tools/cron/parse.go:76.37,78.3 1 1
github.com/kasiss-liu/go-tools/cron/parse.go:83.57,86.42 3 1
github.com/kasiss-liu/go-tools/cron/parse.go:89.2,89.23 1 1
github.com/kasiss-liu/go-tools/cron/parse.go:93.2,94.28 2 1
github.com/kasiss-liu/go-tools/cron/parse.go:100.2,100.12 1 1
github.com/kasiss-liu/go-tools/cron/parse.go:86.42,88.3 1 0
github.com/kasiss-liu/go-tools/cron/parse.go:89.23,91.3 1 0
github.com/kasiss-liu/go-tools/cron/parse.go:94.28,96.26 2 1
github.com/kasiss-liu/go-tools/cron/parse.go:96.26,98.4 1 1
github.com/kasiss-liu/go-tools/cron/valid.go:10.44,11.34 1 1
github.com/kasiss-liu/go-tools/cron/valid.go:14.2,14.13 1 1
github.com/kasiss-liu/go-tools/cron/valid.go:19.2,19.33 1 1
github.com/kasiss-liu/go-tools/cron/valid.go:22.2,22.29 1 1
github.com/kasiss-liu/go-tools/cron/valid.go:25.2,25.34 1 1
github.com/kasiss-liu/go-tools/cron/valid.go:28.2,28.31 1 1
github.com/kasiss-liu/go-tools/cron/valid.go:31.2,31.33 1 1
github.com/kasiss-liu/go-tools/cron/valid.go:34.2,34.29 1 1
github.com/kasiss-liu/go-tools/cron/valid.go:37.2,37.13 1 1
github.com/kasiss-liu/go-tools/cron/valid.go:11.34,13.3 1 0
github.com/kasiss-liu/go-tools/cron/valid.go:14.13,15.34 1 1
github.com/kasiss-liu/go-tools/cron/valid.go:15.34,17.4 1 0
github.com/kasiss-liu/go-tools/cron/valid.go:19.33,21.3 1 0
github.com/kasiss-liu/go-tools/cron/valid.go:22.29,24.3 1 0
github.com/kasiss-liu/go-tools/cron/valid.go:25.34,27.3 1 0
github.com/kasiss-liu/go-tools/cron/valid.go:28.31,30.3 1 0
github.com/kasiss-liu/go-tools/cron/valid.go:31.33,33.3 1 0
github.com/kasiss-liu/go-tools/cron/valid.go:34.29,36.3 1 1
github.com/kasiss-liu/go-tools/cron/valid.go:39.49,41.16 2 1
github.com/kasiss-liu/go-tools/cron/valid.go:44.2,44.23 1 1
github.com/kasiss-liu/go-tools/cron/valid.go:41.16,43.3 1 0
github.com/kasiss-liu/go-tools/cron/valid.go:47.39,49.2 1 1
github.com/kasiss-liu/go-tools/cron/valid.go:51.48,55.25 4 1
github.com/kasiss-liu/go-tools/cron/valid.go:74.2,74.14 1 0
github.com/kasiss-liu/go-tools/cron/valid.go:55.25,57.23 2 1
github.com/kasiss-liu/go-tools/cron/valid.go:57.23,62.24 5 1
github.com/kasiss-liu/go-tools/cron/valid.go:65.4,65.23 1 1
github.com/kasiss-liu/go-tools/cron/valid.go:68.4,69.36 2 1
github.com/kasiss-liu/go-tools/cron/valid.go:62.24,64.5 1 0
github.com/kasiss-liu/go-tools/cron/valid.go:65.23,67.5 1 0
github.com/kasiss-liu/go-tools/cron/valid.go:69.36,71.5 1 1
github.com/kasiss-liu/go-tools/cron/valid.go:77.48,81.25 4 1
github.com/kasiss-liu/go-tools/cron/valid.go:100.2,100.14 1 0
github.com/kasiss-liu/go-tools/cron/valid.go:81.25,83.23 2 1
github.com/kasiss-liu/go-tools/cron/valid.go:83.23,88.24 5 1
github.com/kasiss-liu/go-tools/cron/valid.go:91.4,91.23 1 1
github.com/kasiss-liu/go-tools/cron/valid.go:94.4,95.36 2 1
github.com/kasiss-liu/go-tools/cron/valid.go:88.24,90.5 1 0
github.com/kasiss-liu/go-tools/cron/valid.go:91.23,93.5 1 0
github.com/kasiss-liu/go-tools/cron/valid.go:95.36,97.5 1 1
github.com/kasiss-liu/go-tools/cron/valid.go:103.46,107.25 4 1
github.com/kasiss-liu/go-tools/cron/valid.go:126.2,126.14 1 0
github.com/kasiss-liu/go-tools/cron/valid.go:107.25,109.23 2 1
github.com/kasiss-liu/go-tools/cron/valid.go:109.23,114.24 5 1
github.com/kasiss-liu/go-tools/cron/valid.go:117.4,117.23 1 1
github.com/kasiss-liu/go-tools/cron/valid.go:120.4,121.36 2 1
github.com/kasiss-liu/go-tools/cron/valid.go:114.24,116.5 1 1
github.com/kasiss-liu/go-tools/cron/valid.go:117.23,119.5 1 1
github.com/kasiss-liu/go-tools/cron/valid.go:121.36,123.5 1 1
github.com/kasiss-liu/go-tools/cron/valid.go:129.45,130.32 1 1
github.com/kasiss-liu/go-tools/cron/valid.go:133.2,137.25 5 1
github.com/kasiss-liu/go-tools/cron/valid.go:156.2,156.14 1 0
github.com/kasiss-liu/go-tools/cron/valid.go:130.32,132.3 1 0
github.com/kasiss-liu/go-tools/cron/valid.go:137.25,139.23 2 1
github.com/kasiss-liu/go-tools/cron/valid.go:139.23,144.24 5 1
github.com/kasiss-liu/go-tools/cron/valid.go:147.4,147.23 1 1
github.com/kasiss-liu/go-tools/cron/valid.go:150.4,151.36 2 1
github.com/kasiss-liu/go-tools/cron/valid.go:144.24,146.5 1 1
github.com/kasiss-liu/go-tools/cron/valid.go:147.23,149.5 1 0
github.com/kasiss-liu/go-tools/cron/valid.go:151.36,153.5 1 1
github.com/kasiss-liu/go-tools/cron/valid.go:159.47,163.25 4 1
github.com/kasiss-liu/go-tools/cron/valid.go:182.2,182.14 1 0
github.com/kasiss-liu/go-tools/cron/valid.go:163.25,165.23 2 1
github.com/kasiss-liu/go-tools/cron/valid.go:165.23,170.24 5 1
github.com/kasiss-liu/go-tools/cron/valid.go:173.4,173.23 1 1
github.com/kasiss-liu/go-tools/cron/valid.go:176.4,177.36 2 1
github.com/kasiss-liu/go-tools/cron/valid.go:170.24,172.5 1 0
github.com/kasiss-liu/go-tools/cron/valid.go:173.23,175.5 1 0
github.com/kasiss-liu/go-tools/cron/valid.go:177.36,179.5 1 1
github.com/kasiss-liu/go-tools/cron/valid.go:185.45,186.32 1 1
github.com/kasiss-liu/go-tools/cron/valid.go:189.2,192.12 4 1
github.com/kasiss-liu/go-tools/cron/valid.go:195.2,195.25 1 1
github.com/kasiss-liu/go-tools/cron/valid.go:214.2,214.14 1 0
github.com/kasiss-liu/go-tools/cron/valid.go:186.32,188.3 1 1
github.com/kasiss-liu/go-tools/cron/valid.go:192.12,194.3 1 0
github.com/kasiss-liu/go-tools/cron/valid.go:195.25,197.23 2 1
github.com/kasiss-liu/go-tools/cron/valid.go:197.23,202.24 5 1
github.com/kasiss-liu/go-tools/cron/valid.go:205.4,205.23 1 1
github.com/kasiss-liu/go-tools/cron/valid.go:208.4,209.36 2 1
github.com/kasiss-liu/go-tools/cron/valid.go:202.24,204.5 1 1
github.com/kasiss-liu/go-tools/cron/valid.go:205.23,207.5 1 0
github.com/kasiss-liu/go-tools/cron/valid.go:209.36,211.5 1 1
github.com/kasiss-liu/go-tools/cron/valid.go:218.46,222.25 4 1
github.com/kasiss-liu/go-tools/cron/valid.go:241.2,241.14 1 1
github.com/kasiss-liu/go-tools/cron/valid.go:222.25,224.23 2 1
github.com/kasiss-liu/go-tools/cron/valid.go:224.23,229.24 5 1
github.com/kasiss-liu/go-tools/cron/valid.go:232.4,232.23 1 1
github.com/kasiss-liu/go-tools/cron/valid.go:235.4,236.36 2 1
github.com/kasiss-liu/go-tools/cron/valid.go:229.24,231.5 1 1
github.com/kasiss-liu/go-tools/cron/valid.go:232.23,234.5 1 0
github.com/kasiss-liu/go-tools/cron/valid.go:236.36,238.5 1 1
github.com/kasiss-liu/go-tools/cron/valid.go:244.47,245.15 1 1
github.com/kasiss-liu/go-tools/cron/valid.go:248.2,248.36 1 1
github.com/kasiss-liu/go-tools/cron/valid.go:253.2,253.14 1 0
github.com/kasiss-liu/go-tools/cron/valid.go:245.15,247.3 1 1
github.com/kasiss-liu/go-tools/cron/valid.go:248.36,249.16 1 1
github.com/kasiss-liu/go-tools/cron/valid.go:249.16,251.4 1 1
github.com/kasiss-liu/go-tools/cron/valid.go:256.38,258.19 2 1
github.com/kasiss-liu/go-tools/cron/valid.go:270.2,270.15 1 1
github.com/kasiss-liu/go-tools/cron/valid.go:259.95,260.14 1 0
github.com/kasiss-liu/go-tools/cron/valid.go:261.21,262.24 1 0
github.com/kasiss-liu/go-tools/cron/valid.go:267.10,268.14 1 1
github.com/kasiss-liu/go-tools/cron/valid.go:262.24,264.4 1 0
github.com/kasiss-liu/go-tools/cron/valid.go:264.9,266.4 1 0
