mode: set
github.com/kasiss-liu/go-tools/cron/builder.go:21.22,23.2 1 1
github.com/kasiss-liu/go-tools/cron/builder.go:26.61,29.16 2 1
github.com/kasiss-liu/go-tools/cron/builder.go:33.2,34.16 2 1
github.com/kasiss-liu/go-tools/cron/builder.go:37.2,37.8 1 1
github.com/kasiss-liu/go-tools/cron/builder.go:29.16,31.3 1 1
github.com/kasiss-liu/go-tools/cron/builder.go:34.16,36.3 1 0
github.com/kasiss-liu/go-tools/cron/builder.go:41.42,45.2 3 1
github.com/kasiss-liu/go-tools/cron/builder.go:48.39,51.2 2 1
github.com/kasiss-liu/go-tools/cron/builder.go:54.42,57.2 2 1
github.com/kasiss-liu/go-tools/cron/builder.go:60.40,63.2 2 1
github.com/kasiss-liu/go-tools/cron/builder.go:66.46,69.2 2 1
github.com/kasiss-liu/go-tools/cron/builder.go:72.41,75.2 2 1
github.com/kasiss-liu/go-tools/cron/builder.go:78.47,81.2 2 1
github.com/kasiss-liu/go-tools/cron/builder.go:84.40,85.13 1 1
github.com/kasiss-liu/go-tools/cron/builder.go:88.2,89.10 2 1
github.com/kasiss-liu/go-tools/cron/builder.go:85.13,87.3 1 0
github.com/kasiss-liu/go-tools/cron/builder.go:93.35,97.2 3 1
github.com/kasiss-liu/go-tools/cron/builder.go:100.43,102.13 2 1
github.com/kasiss-liu/go-tools/cron/builder.go:105.2,111.10 7 1
github.com/kasiss-liu/go-tools/cron/builder.go:102.13,104.3 1 1
github.com/kasiss-liu/go-tools/cron/builder.go:115.27,116.13 1 1
github.com/kasiss-liu/go-tools/cron/builder.go:121.2,121.20 1 1
github.com/kasiss-liu/go-tools/cron/builder.go:124.2,124.18 1 1
github.com/kasiss-liu/go-tools/cron/builder.go:127.2,127.24 1 1
github.com/kasiss-liu/go-tools/cron/builder.go:130.2,130.19 1 1
github.com/kasiss-liu/go-tools/cron/builder.go:133.2,133.23 1 1
github.com/kasiss-liu/go-tools/cron/builder.go:136.2,136.18 1 1
github.com/kasiss-liu/go-tools/cron/builder.go:116.13,117.21 1 1
github.com/kasiss-liu/go-tools/cron/builder.go:117.21,119.4 1 0
github.com/kasiss-liu/go-tools/cron/builder.go:121.20,123.3 1 0
github.com/kasiss-liu/go-tools/cron/builder.go:124.18,126.3 1 0
github.com/kasiss-liu/go-tools/cron/builder.go:127.24,129.3 1 0
github.com/kasiss-liu/go-tools/cron/builder.go:130.19,132.3 1 0
github.com/kasiss-liu/go-tools/cron/builder.go:133.23,135.3 1 0
github.com/kasiss-liu/go-tools/cron/builder.go:136.18,138.3 1 1
github.com/kasiss-liu/go-tools/cron/builder.go:142.37,145.13 2 1
github.com/kasiss-liu/go-tools/cron/builder.go:152.2,153.16 2 1
github.com/kasiss-liu/go-tools/cron/builder.go:157.2,158.16 2 1
github.com/kasiss-liu/go-tools/cron/builder.go:161.2,162.16 2 1
github.com/kasiss-liu/go-tools/cron/builder.go:165.2,166.16 2 1
github.com/kasiss-liu/go-tools/cron/builder.go:169.2,170.16 2 1
github.com/kasiss-liu/go-tools/cron/builder.go:173.2,174.16 2 1
github.com/kasiss-liu/go-tools/cron/builder.go:177.2,178.16 2 1
github.com/kasiss-liu/go-tools/cron/builder.go:182.2,182.12 1 1
github.com/kasiss-liu/go-tools/cron/builder.go:145.13,147.17 2 1
github.com/kasiss-liu/go-tools/cron/builder.go:147.17,149.4 1 0
github.com/kasiss-liu/go-tools/cron/builder.go:153.16,155.3 1 1
github.com/kasiss-liu/go-tools/cron/builder.go:158.16,160.3 1 0
github.com/kasiss-liu/go-tools/cron/builder.go:162.16,164.3 1 1
github.com/kasiss-liu/go-tools/cron/builder.go:166.16,168.3 1 0
github.com/kasiss-liu/go-tools/cron/builder.go:170.16,172.3 1 0
github.com/kasiss-liu/go-tools/cron/builder.go:174.16,176.3 1 1
github.com/kasiss-liu/go-tools/cron/builder.go:178.16,180.3 1 0
github.com/kasiss-liu/go-tools/cron/builder.go:186.36,189.2 2 1
github.com/kasiss-liu/go-tools/cron/builder.go:192.36,195.2 2 1
github.com/kasiss-liu/go-tools/cron/builder.go:198.34,201.2 2 1
github.com/kasiss-liu/go-tools/cron/builder.go:204.33,207.2 2 1
github.com/kasiss-liu/go-tools/cron/builder.go:210.35,213.2 2 1
github.com/kasiss-liu/go-tools/cron/builder.go:216.33,219.2 2 1
github.com/kasiss-liu/go-tools/cron/builder.go:222.34,223.18 1 1
github.com/kasiss-liu/go-tools/cron/builder.go:226.2,227.36 2 1
github.com/kasiss-liu/go-tools/cron/builder.go:223.18,225.3 1 1
github.com/kasiss-liu/go-tools/cron/builder.go:231.40,232.47 1 1
github.com/kasiss-liu/go-tools/cron/builder.go:235.2,235.71 1 1
github.com/kasiss-liu/go-tools/cron/builder.go:238.2,238.71 1 1
github.com/kasiss-liu/go-tools/cron/builder.go:241.2,241.12 1 1
github.com/kasiss-liu/go-tools/cron/builder.go:232.47,234.3 1 0
github.com/kasiss-liu/go-tools/cron/builder.go:235.71,237.3 1 0
github.com/kasiss-liu/go-tools/cron/builder.go:238.71,240.3 1 1
github.com/kasiss-liu/go-tools/cron/parse.go:48.43,56.17 5 1
github.com/kasiss-liu/go-tools/cron/parse.go:84.2,84.44 1 1
github.com/kasiss-liu/go-tools/cron/parse.go:87.2,87.18 1 1
github.com/kasiss-liu/go-tools/cron/parse.go:58.9,63.27 5 1
github.com/kasiss-liu/go-tools/cron/parse.go:64.9,70.22 6 0
github.com/kasiss-liu/go-tools/cron/parse.go:72.9,79.22 7 1
github.com/kasiss-liu/go-tools/cron/parse.go:81.10,82.88 1 0
github.com/kasiss-liu/go-tools/cron/parse.go:84.44,86.3 1 1
github.com/kasiss-liu/go-tools/cron/parse.go:92.57,95.42 3 1
github.com/kasiss-liu/go-tools/cron/parse.go:98.2,98.23 1 1
github.com/kasiss-liu/go-tools/cron/parse.go:102.2,103.28 2 1
github.com/kasiss-liu/go-tools/cron/parse.go:109.2,109.12 1 1
github.com/kasiss-liu/go-tools/cron/parse.go:95.42,97.3 1 0
github.com/kasiss-liu/go-tools/cron/parse.go:98.23,100.3 1 0
github.com/kasiss-liu/go-tools/cron/parse.go:103.28,105.26 2 1
github.com/kasiss-liu/go-tools/cron/parse.go:105.26,107.4 1 1
github.com/kasiss-liu/go-tools/cron/valid.go:18.41,21.41 2 1
github.com/kasiss-liu/go-tools/cron/valid.go:25.2,25.13 1 1
github.com/kasiss-liu/go-tools/cron/valid.go:30.2,30.33 1 1
github.com/kasiss-liu/go-tools/cron/valid.go:33.2,33.29 1 1
github.com/kasiss-liu/go-tools/cron/valid.go:36.2,36.34 1 1
github.com/kasiss-liu/go-tools/cron/valid.go:39.2,39.31 1 1
github.com/kasiss-liu/go-tools/cron/valid.go:42.2,42.33 1 1
github.com/kasiss-liu/go-tools/cron/valid.go:45.2,45.29 1 1
github.com/kasiss-liu/go-tools/cron/valid.go:48.2,48.13 1 1
github.com/kasiss-liu/go-tools/cron/valid.go:21.41,23.3 1 0
github.com/kasiss-liu/go-tools/cron/valid.go:25.13,26.34 1 1
github.com/kasiss-liu/go-tools/cron/valid.go:26.34,28.4 1 0
github.com/kasiss-liu/go-tools/cron/valid.go:30.33,32.3 1 1
github.com/kasiss-liu/go-tools/cron/valid.go:33.29,35.3 1 0
github.com/kasiss-liu/go-tools/cron/valid.go:36.34,38.3 1 0
github.com/kasiss-liu/go-tools/cron/valid.go:39.31,41.3 1 0
github.com/kasiss-liu/go-tools/cron/valid.go:42.33,44.3 1 0
github.com/kasiss-liu/go-tools/cron/valid.go:45.29,47.3 1 0
github.com/kasiss-liu/go-tools/cron/valid.go:52.49,54.16 2 1
github.com/kasiss-liu/go-tools/cron/valid.go:57.2,57.23 1 1
github.com/kasiss-liu/go-tools/cron/valid.go:54.16,56.3 1 0
github.com/kasiss-liu/go-tools/cron/valid.go:61.39,63.2 1 1
github.com/kasiss-liu/go-tools/cron/valid.go:66.48,70.25 4 1
github.com/kasiss-liu/go-tools/cron/valid.go:89.2,90.14 2 0
github.com/kasiss-liu/go-tools/cron/valid.go:70.25,72.23 2 1
github.com/kasiss-liu/go-tools/cron/valid.go:72.23,77.24 5 1
github.com/kasiss-liu/go-tools/cron/valid.go:80.4,80.23 1 1
github.com/kasiss-liu/go-tools/cron/valid.go:83.4,84.36 2 1
github.com/kasiss-liu/go-tools/cron/valid.go:77.24,79.5 1 0
github.com/kasiss-liu/go-tools/cron/valid.go:80.23,82.5 1 0
github.com/kasiss-liu/go-tools/cron/valid.go:84.36,86.5 1 1
github.com/kasiss-liu/go-tools/cron/valid.go:94.48,98.25 4 1
github.com/kasiss-liu/go-tools/cron/valid.go:117.2,118.14 2 1
github.com/kasiss-liu/go-tools/cron/valid.go:98.25,100.23 2 1
github.com/kasiss-liu/go-tools/cron/valid.go:100.23,105.24 5 1
github.com/kasiss-liu/go-tools/cron/valid.go:108.4,108.23 1 1
github.com/kasiss-liu/go-tools/cron/valid.go:111.4,112.36 2 1
github.com/kasiss-liu/go-tools/cron/valid.go:105.24,107.5 1 0
github.com/kasiss-liu/go-tools/cron/valid.go:108.23,110.5 1 0
github.com/kasiss-liu/go-tools/cron/valid.go:112.36,114.5 1 1
github.com/kasiss-liu/go-tools/cron/valid.go:122.46,126.25 4 1
github.com/kasiss-liu/go-tools/cron/valid.go:145.2,146.14 2 0
github.com/kasiss-liu/go-tools/cron/valid.go:126.25,128.23 2 1
github.com/kasiss-liu/go-tools/cron/valid.go:128.23,133.24 5 1
github.com/kasiss-liu/go-tools/cron/valid.go:136.4,136.23 1 1
github.com/kasiss-liu/go-tools/cron/valid.go:139.4,140.36 2 1
github.com/kasiss-liu/go-tools/cron/valid.go:133.24,135.5 1 1
github.com/kasiss-liu/go-tools/cron/valid.go:136.23,138.5 1 1
github.com/kasiss-liu/go-tools/cron/valid.go:140.36,142.5 1 1
github.com/kasiss-liu/go-tools/cron/valid.go:150.45,151.32 1 1
github.com/kasiss-liu/go-tools/cron/valid.go:154.2,158.25 5 1
github.com/kasiss-liu/go-tools/cron/valid.go:177.2,178.14 2 0
github.com/kasiss-liu/go-tools/cron/valid.go:151.32,153.3 1 0
github.com/kasiss-liu/go-tools/cron/valid.go:158.25,160.23 2 1
github.com/kasiss-liu/go-tools/cron/valid.go:160.23,165.24 5 1
github.com/kasiss-liu/go-tools/cron/valid.go:168.4,168.23 1 1
github.com/kasiss-liu/go-tools/cron/valid.go:171.4,172.36 2 1
github.com/kasiss-liu/go-tools/cron/valid.go:165.24,167.5 1 1
github.com/kasiss-liu/go-tools/cron/valid.go:168.23,170.5 1 0
github.com/kasiss-liu/go-tools/cron/valid.go:172.36,174.5 1 1
github.com/kasiss-liu/go-tools/cron/valid.go:182.47,186.25 4 1
github.com/kasiss-liu/go-tools/cron/valid.go:205.2,206.14 2 0
github.com/kasiss-liu/go-tools/cron/valid.go:186.25,188.23 2 1
github.com/kasiss-liu/go-tools/cron/valid.go:188.23,193.24 5 1
github.com/kasiss-liu/go-tools/cron/valid.go:196.4,196.23 1 1
github.com/kasiss-liu/go-tools/cron/valid.go:199.4,200.36 2 1
github.com/kasiss-liu/go-tools/cron/valid.go:193.24,195.5 1 0
github.com/kasiss-liu/go-tools/cron/valid.go:196.23,198.5 1 0
github.com/kasiss-liu/go-tools/cron/valid.go:200.36,202.5 1 1
github.com/kasiss-liu/go-tools/cron/valid.go:210.45,212.32 1 1
github.com/kasiss-liu/go-tools/cron/valid.go:215.2,218.12 4 1
github.com/kasiss-liu/go-tools/cron/valid.go:221.2,221.25 1 1
github.com/kasiss-liu/go-tools/cron/valid.go:240.2,241.14 2 0
github.com/kasiss-liu/go-tools/cron/valid.go:212.32,214.3 1 1
github.com/kasiss-liu/go-tools/cron/valid.go:218.12,220.3 1 0
github.com/kasiss-liu/go-tools/cron/valid.go:221.25,223.23 2 1
github.com/kasiss-liu/go-tools/cron/valid.go:223.23,228.24 5 1
github.com/kasiss-liu/go-tools/cron/valid.go:231.4,231.23 1 1
github.com/kasiss-liu/go-tools/cron/valid.go:234.4,235.36 2 1
github.com/kasiss-liu/go-tools/cron/valid.go:228.24,230.5 1 1
github.com/kasiss-liu/go-tools/cron/valid.go:231.23,233.5 1 0
github.com/kasiss-liu/go-tools/cron/valid.go:235.36,237.5 1 1
github.com/kasiss-liu/go-tools/cron/valid.go:246.46,247.15 1 1
github.com/kasiss-liu/go-tools/cron/valid.go:250.2,253.25 4 1
github.com/kasiss-liu/go-tools/cron/valid.go:272.2,273.14 2 0
github.com/kasiss-liu/go-tools/cron/valid.go:247.15,249.3 1 1
github.com/kasiss-liu/go-tools/cron/valid.go:253.25,255.23 2 1
github.com/kasiss-liu/go-tools/cron/valid.go:255.23,260.24 5 1
github.com/kasiss-liu/go-tools/cron/valid.go:263.4,263.23 1 1
github.com/kasiss-liu/go-tools/cron/valid.go:266.4,267.36 2 1
github.com/kasiss-liu/go-tools/cron/valid.go:260.24,262.5 1 1
github.com/kasiss-liu/go-tools/cron/valid.go:263.23,265.5 1 0
github.com/kasiss-liu/go-tools/cron/valid.go:267.36,269.5 1 1
github.com/kasiss-liu/go-tools/cron/valid.go:277.47,278.15 1 1
github.com/kasiss-liu/go-tools/cron/valid.go:281.2,281.36 1 1
github.com/kasiss-liu/go-tools/cron/valid.go:286.2,286.14 1 1
github.com/kasiss-liu/go-tools/cron/valid.go:278.15,280.3 1 1
github.com/kasiss-liu/go-tools/cron/valid.go:281.36,282.16 1 1
github.com/kasiss-liu/go-tools/cron/valid.go:282.16,284.4 1 1
github.com/kasiss-liu/go-tools/cron/valid.go:290.38,292.19 2 1
github.com/kasiss-liu/go-tools/cron/valid.go:304.2,304.15 1 1
github.com/kasiss-liu/go-tools/cron/valid.go:293.95,294.14 1 0
github.com/kasiss-liu/go-tools/cron/valid.go:295.21,296.24 1 0
github.com/kasiss-liu/go-tools/cron/valid.go:301.10,302.14 1 1
github.com/kasiss-liu/go-tools/cron/valid.go:296.24,298.4 1 0
github.com/kasiss-liu/go-tools/cron/valid.go:298.9,300.4 1 0
github.com/kasiss-liu/go-tools/cron/valid.go:308.19,309.41 1 1
github.com/kasiss-liu/go-tools/cron/valid.go:309.41,311.3 1 1
